生成启动时间为 2018/2/10 18:32:35。
     1>项目“C:\Users\ASUS\Desktop\test\picking_demo\picking_demo\picking_demo.vcxproj”在节点 2 上(Build 个目标)。
     1>ClCompile:
         D:\Program Files (x86)\Microsoft Visual Studio 12.0\VC\bin\CL.exe /c /ZI /nologo /W3 /WX- /sdl /Od /Oy- /D _MBCS /Gm /EHsc /RTC1 /MDd /GS /fp:precise /Zc:wchar_t /Zc:forScope /Fo"Debug\\" /Fd"Debug\vc120.pdb" /Gd /TP /analyze- /errorReport:prompt Src\main.cpp
         main.cpp
     1>c:\users\asus\desktop\test\picking_demo\picking_demo\src\main.cpp(132): warning C4018: “<”: 有符号/无符号不匹配
     1>c:\users\asus\desktop\test\picking_demo\picking_demo\src\main.cpp(142): warning C4244: “=”: 从“int”转换到“float”，可能丢失数据
     1>c:\users\asus\desktop\test\picking_demo\picking_demo\src\main.cpp(143): warning C4244: “=”: 从“int”转换到“float”，可能丢失数据
     1>c:\users\asus\desktop\test\picking_demo\picking_demo\src\main.cpp(147): warning C4244: “参数”: 从“float”转换到“GLsizei”，可能丢失数据
     1>c:\users\asus\desktop\test\picking_demo\picking_demo\src\main.cpp(147): warning C4244: “参数”: 从“float”转换到“GLint”，可能丢失数据
     1>c:\users\asus\desktop\test\picking_demo\picking_demo\src\main.cpp(198): warning C4244: “参数”: 从“float”转换到“GLsizei”，可能丢失数据
     1>c:\users\asus\desktop\test\picking_demo\picking_demo\src\main.cpp(198): warning C4244: “参数”: 从“float”转换到“GLint”，可能丢失数据
     1>c:\users\asus\desktop\test\picking_demo\picking_demo\src\main.cpp(243): warning C4305: “参数”: 从“double”到“float”截断
     1>c:\users\asus\desktop\test\picking_demo\picking_demo\src\main.cpp(245): warning C4305: “参数”: 从“double”到“float”截断
     1>c:\users\asus\desktop\test\picking_demo\picking_demo\src\main.cpp(245): warning C4244: “参数”: 从“int”转换到“float”，可能丢失数据
     1>c:\users\asus\desktop\test\picking_demo\picking_demo\src\main.cpp(281): warning C4018: “<”: 有符号/无符号不匹配
     1>c:\users\asus\desktop\test\picking_demo\picking_demo\src\main.cpp(321): warning C4018: “<”: 有符号/无符号不匹配
     1>c:\users\asus\desktop\test\picking_demo\picking_demo\src\main.cpp(343): warning C4018: “<”: 有符号/无符号不匹配
       Link:
         D:\Program Files (x86)\Microsoft Visual Studio 12.0\VC\bin\link.exe /ERRORREPORT:PROMPT /OUT:"C:\Users\ASUS\Desktop\test\picking_demo\Debug\picking_demo.exe" /INCREMENTAL /NOLOGO /LIBPATH:C:\Users\ASUS\Desktop\test\picking_demo\picking_demo\\Lib glew32.lib freeglut.lib kernel32.lib user32.lib gdi32.lib winspool.lib comdlg32.lib advapi32.lib shell32.lib ole32.lib oleaut32.lib uuid.lib odbc32.lib odbccp32.lib /MANIFEST /MANIFESTUAC:"level='asInvoker' uiAccess='false'" /manifest:embed /DEBUG /PDB:"C:\Users\ASUS\Desktop\test\picking_demo\Debug\picking_demo.pdb" /TLBID:1 /DYNAMICBASE /NXCOMPAT /IMPLIB:"C:\Users\ASUS\Desktop\test\picking_demo\Debug\picking_demo.lib" /MACHINE:X86 Debug\fbo.obj
         Debug\main.obj
         Debug\shader.obj
         picking_demo.vcxproj -> C:\Users\ASUS\Desktop\test\picking_demo\Debug\picking_demo.exe
     1>已完成生成项目“C:\Users\ASUS\Desktop\test\picking_demo\picking_demo\picking_demo.vcxproj”(Build 个目标)的操作。

生成成功。

已用时间 00:00:03.25
